f:\github\assaultcube-hook\[assaultcube extension]\[assaultcube extension]\debug\[assaultcube extension].pch
f:\github\assaultcube-hook\[assaultcube extension]\[assaultcube extension]\debug\vc141.pdb
f:\github\assaultcube-hook\[assaultcube extension]\[assaultcube extension]\debug\vc141.idb
f:\github\assaultcube-hook\[assaultcube extension]\[assaultcube extension]\debug\stdafx.obj
f:\github\assaultcube-hook\[assaultcube extension]\[assaultcube extension]\debug\dllmain.obj
f:\github\assaultcube-hook\[assaultcube extension]\[assaultcube extension]\debug\gamefunctions.obj
f:\github\assaultcube-hook\[assaultcube extension]\[assaultcube extension]\debug\hack.obj
f:\github\assaultcube-hook\[assaultcube extension]\[assaultcube extension]\debug\hooks.obj
f:\github\assaultcube-hook\[assaultcube extension]\[assaultcube extension]\debug\hotkeys.obj
f:\github\assaultcube-hook\[assaultcube extension]\[assaultcube extension]\debug\menu.obj
f:\github\assaultcube-hook\[assaultcube extension]\[assaultcube extension]\debug\regkey.obj
f:\github\assaultcube-hook\[assaultcube extension]\[assaultcube extension]\debug\renderfunctions.obj
f:\github\assaultcube-hook\[assaultcube extension]\[assaultcube extension]\debug\signatures.obj
f:\github\assaultcube-hook\[assaultcube extension]\[assaultcube extension]\debug\utils.obj
f:\github\assaultcube-hook\[assaultcube extension]\debug\[assaultcube extension].ilk
f:\github\assaultcube-hook\[assaultcube extension]\debug\[assaultcube extension].dll
f:\github\assaultcube-hook\[assaultcube extension]\debug\[assaultcube extension].pdb
f:\github\assaultcube-hook\[assaultcube extension]\[assaultcube extension]\debug\[assault.671c39e9.tlog\cl.command.1.tlog
f:\github\assaultcube-hook\[assaultcube extension]\[assaultcube extension]\debug\[assault.671c39e9.tlog\cl.read.1.tlog
f:\github\assaultcube-hook\[assaultcube extension]\[assaultcube extension]\debug\[assault.671c39e9.tlog\cl.write.1.tlog
f:\github\assaultcube-hook\[assaultcube extension]\[assaultcube extension]\debug\[assault.671c39e9.tlog\link.command.1.tlog
f:\github\assaultcube-hook\[assaultcube extension]\[assaultcube extension]\debug\[assault.671c39e9.tlog\link.read.1.tlog
f:\github\assaultcube-hook\[assaultcube extension]\[assaultcube extension]\debug\[assault.671c39e9.tlog\link.write.1.tlog
