  stdafx.cpp
  dllmain.cpp
  Utils.cpp
f:\github\assaultcube-hook\[assaultcube extension]\[assaultcube extension]\utils.cpp(30): warning C4018: '<': errata corrispondenza tra signed e unsigned
f:\github\assaultcube-hook\[assaultcube extension]\[assaultcube extension]\utils.cpp(43): warning C4018: '<': errata corrispondenza tra signed e unsigned
  Signatures.cpp
  RenderFunctions.cpp
f:\github\assaultcube-hook\[assaultcube extension]\[assaultcube extension]\renderfunctions.cpp(14): warning C4244: 'argomento': conversione da 'int' a 'GLfloat'. Possibile perdita di dati.
f:\github\assaultcube-hook\[assaultcube extension]\[assaultcube extension]\renderfunctions.cpp(15): warning C4244: 'argomento': conversione da 'int' a 'GLfloat'. Possibile perdita di dati.
f:\github\assaultcube-hook\[assaultcube extension]\[assaultcube extension]\renderfunctions.cpp(16): warning C4244: 'argomento': conversione da 'int' a 'GLfloat'. Possibile perdita di dati.
f:\github\assaultcube-hook\[assaultcube extension]\[assaultcube extension]\renderfunctions.cpp(17): warning C4244: 'argomento': conversione da 'int' a 'GLfloat'. Possibile perdita di dati.
f:\github\assaultcube-hook\[assaultcube extension]\[assaultcube extension]\renderfunctions.cpp(35): warning C4244: 'argomento': conversione da 'int' a 'GLfloat'. Possibile perdita di dati.
f:\github\assaultcube-hook\[assaultcube extension]\[assaultcube extension]\renderfunctions.cpp(36): warning C4244: 'argomento': conversione da 'int' a 'GLfloat'. Possibile perdita di dati.
f:\github\assaultcube-hook\[assaultcube extension]\[assaultcube extension]\renderfunctions.cpp(50): warning C4244: 'argomento': conversione da 'float' a 'int'. Possibile perdita di dati.
  RegKey.cpp
  Menu.cpp
  HotKeys.cpp
  Hooks.cpp
  Hack.cpp
f:\github\assaultcube-hook\[assaultcube extension]\[assaultcube extension]\hack.cpp(53): warning C4244: 'inizializzazione': conversione da 'int' a 'float'. Possibile perdita di dati.
f:\github\assaultcube-hook\[assaultcube extension]\[assaultcube extension]\hack.cpp(54): warning C4244: 'inizializzazione': conversione da 'int' a 'float'. Possibile perdita di dati.
f:\github\assaultcube-hook\[assaultcube extension]\[assaultcube extension]\hack.cpp(107): warning C4018: '<': errata corrispondenza tra signed e unsigned
f:\github\assaultcube-hook\[assaultcube extension]\[assaultcube extension]\hack.cpp(144): warning C4244: 'argomento': conversione da 'float' a 'int'. Possibile perdita di dati.
f:\github\assaultcube-hook\[assaultcube extension]\[assaultcube extension]\hack.cpp(146): warning C4244: 'argomento': conversione da 'float' a 'int'. Possibile perdita di dati.
f:\github\assaultcube-hook\[assaultcube extension]\[assaultcube extension]\hack.cpp(148): warning C4244: 'argomento': conversione da 'float' a 'int'. Possibile perdita di dati.
f:\github\assaultcube-hook\[assaultcube extension]\[assaultcube extension]\hack.cpp(182): warning C4244: '=': conversione da 'float' a 'short'. Possibile perdita di dati.
f:\github\assaultcube-hook\[assaultcube extension]\[assaultcube extension]\hack.cpp(183): warning C4244: '=': conversione da 'float' a 'short'. Possibile perdita di dati.
f:\github\assaultcube-hook\[assaultcube extension]\[assaultcube extension]\hack.cpp(185): warning C4244: '=': conversione da 'float' a 'short'. Possibile perdita di dati.
f:\github\assaultcube-hook\[assaultcube extension]\[assaultcube extension]\hack.cpp(186): warning C4244: '=': conversione da 'float' a 'short'. Possibile perdita di dati.
f:\github\assaultcube-hook\[assaultcube extension]\[assaultcube extension]\hack.cpp(187): warning C4244: '=': conversione da 'float' a 'short'. Possibile perdita di dati.
  GameFunctions.cpp
f:\github\assaultcube-hook\[assaultcube extension]\[assaultcube extension]\gamefunctions.cpp(166): warning C4244: 'argomento': conversione da 'float' a 'int'. Possibile perdita di dati.
  Generazione del codice in corso...
  [AssaultCube Extension].vcxproj -> F:\GitHub\AssaultCube-Hook\[AssaultCube Extension]\Debug\[AssaultCube Extension].dll
  [AssaultCube Extension].vcxproj -> F:\GitHub\AssaultCube-Hook\[AssaultCube Extension]\Debug\[AssaultCube Extension].pdb (Partial PDB)
